<?xml version="1.0" encoding="UTF-8"?>
<!-- Generated by org.testng.reporters.JUnitReportReporter -->
<testsuite hostname="sumit_sanika" failures="0" tests="2" name="com.transflower.LoginTest" time="1.694" errors="0" timestamp="2025-09-14T11:55:07 IST" skipped="0">
  <testcase classname="com.transflower.LoginTest" name="testLoginPageTitle" time="0.083"/>
  <testcase classname="com.transflower.LoginTest" name="testLoginButtonExists" time="1.611"/>
</testsuite> <!-- com.transflower.LoginTest -->
