<?xml version="1.0" encoding="UTF-8"?>
<!-- Generated by org.testng.reporters.JUnitReportReporter -->
<testsuite hostname="sumit_sanika" failures="0" tests="2" name="com.transflower.LoginTest" time="1.582" errors="0" timestamp="2025-09-14T16:13:58 IST" skipped="0">
  <testcase classname="com.transflower.LoginTest" name="testLoginPageTitle" time="0.090"/>
  <testcase classname="com.transflower.LoginTest" name="testLoginButtonExists" time="1.492"/>
</testsuite> <!-- com.transflower.LoginTest -->
